<?xml version="1.0" encoding="utf-8"?><testsuites name="pytest tests"><testsuite name="pytest" errors="0" failures="0" skipped="0" tests="8" time="3.998" timestamp="2026-05-09T06:57:25.089161+00:00" hostname="agent-env-7c47256d-fd0b-438d-b413-f2a18d49f4c0"><testcase classname="backend.tests.test_paypal" name="test_paypal_subscribe_unconfigured_returns_503" time="1.143" /><testcase classname="backend.tests.test_paypal" name="test_paypal_subscribe_invalid_plan_short_circuits_503" time="0.083" /><testcase classname="backend.tests.test_paypal" name="test_paypal_subscribe_unauthed" time="0.214" /><testcase classname="backend.tests.test_paypal" name="test_paypal_subscription_status_unconfigured" time="0.081" /><testcase classname="backend.tests.test_paypal" name="test_paypal_cancel_no_subscription" time="0.054" /><testcase classname="backend.tests.test_paypal" name="test_paypal_webhook_activated_then_cancelled_idempotent" time="1.323" /><testcase classname="backend.tests.test_paypal" name="test_paypal_webhook_invalid_json_returns_400" time="0.226" /><testcase classname="backend.tests.test_paypal" name="test_paypal_webhook_unknown_event_type_returns_200" time="0.297" /></testsuite></testsuites>