<?xml version="1.0" encoding="utf-8"?><testsuites name="pytest tests"><testsuite name="pytest" errors="0" failures="2" skipped="0" tests="80" time="24.439" timestamp="2026-05-09T08:13:18.245992+00:00" hostname="agent-env-7c47256d-fd0b-438d-b413-f2a18d49f4c0"><testcase classname="backend.tests.test_email_stripe" name="test_register_triggers_emails" time="0.710" /><testcase classname="backend.tests.test_email_stripe" name="test_forgot_password_existing_user" time="0.142" /><testcase classname="backend.tests.test_email_stripe" name="test_forgot_password_unknown_user_still_ok" time="0.190" /><testcase classname="backend.tests.test_email_stripe" name="test_verify_email_invalid_token" time="0.178" /><testcase classname="backend.tests.test_email_stripe" name="test_verify_email_valid_flow" time="1.062" /><testcase classname="backend.tests.test_email_stripe" name="test_resend_verification_authed" time="0.631" /><testcase classname="backend.tests.test_email_stripe" name="test_resend_verification_unauthed" time="0.130" /><testcase classname="backend.tests.test_email_stripe" name="test_stripe_checkout_pro" time="1.342" /><testcase classname="backend.tests.test_email_stripe" name="test_stripe_checkout_all_plans[basic]" time="0.568" /><testcase classname="backend.tests.test_email_stripe" name="test_stripe_checkout_all_plans[pro]" time="0.873" /><testcase classname="backend.tests.test_email_stripe" name="test_stripe_checkout_all_plans[diamond]" time="0.612" /><testcase classname="backend.tests.test_email_stripe" name="test_stripe_checkout_all_plans[golden]" time="0.610" /><testcase classname="backend.tests.test_email_stripe" name="test_stripe_checkout_all_plans[business]" time="0.589" /><testcase classname="backend.tests.test_email_stripe" name="test_stripe_checkout_removed_plans_400[enterprise]" time="0.048" /><testcase classname="backend.tests.test_email_stripe" name="test_stripe_checkout_removed_plans_400[free]" time="0.046" /><testcase classname="backend.tests.test_email_stripe" name="test_stripe_checkout_removed_plans_400[foo]" time="0.046" /><testcase classname="backend.tests.test_email_stripe" name="test_stripe_checkout_invalid_plan" time="0.045" /><testcase classname="backend.tests.test_email_stripe" name="test_stripe_checkout_unauthed" time="0.170" /><testcase classname="backend.tests.test_email_stripe" name="test_stripe_checkout_status_pro" time="0.750" /><testcase classname="backend.tests.test_email_stripe" name="test_stripe_checkout_status_business" time="0.749" /><testcase classname="backend.tests.test_email_stripe" name="test_stripe_checkout_status_unknown_session_returns_404" time="0.051" /><testcase classname="backend.tests.test_email_stripe" name="test_stripe_portal_no_subscription" time="0.048" /><testcase classname="backend.tests.test_email_stripe" name="test_webhook_checkout_session_completed_and_idempotent" time="0.495" /><testcase classname="backend.tests.test_email_stripe" name="test_webhook_invalid_payload" time="0.142" /><testcase classname="backend.tests.test_paypal" name="test_paypal_subscribe_unconfigured_returns_503" time="0.556" /><testcase classname="backend.tests.test_paypal" name="test_paypal_subscribe_invalid_plan_short_circuits_503" time="0.047" /><testcase classname="backend.tests.test_paypal" name="test_paypal_subscribe_unauthed" time="0.154" /><testcase classname="backend.tests.test_paypal" name="test_paypal_subscription_status_unconfigured" time="0.053" /><testcase classname="backend.tests.test_paypal" name="test_paypal_cancel_no_subscription" time="0.052" /><testcase classname="backend.tests.test_paypal" name="test_paypal_webhook_activated_then_cancelled_idempotent" time="0.972" /><testcase classname="backend.tests.test_paypal" name="test_paypal_webhook_invalid_json_returns_400" time="0.147" /><testcase classname="backend.tests.test_paypal" name="test_paypal_webhook_unknown_event_type_returns_200" time="0.132" /><testcase classname="backend.tests.test_plans_5tier" name="test_plans_returns_5_plans_in_order" time="0.131" /><testcase classname="backend.tests.test_plans_5tier" name="test_plans_prices_and_periods" time="0.135" /><testcase classname="backend.tests.test_plans_5tier" name="test_only_diamond_is_popular" time="0.129" /><testcase classname="backend.tests.test_plans_5tier" name="test_savings_and_monthly_equiv_fields" time="0.151" /><testcase classname="backend.tests.test_plans_5tier" name="test_plans_limits_keys" time="0.170" /><testcase classname="backend.tests.test_plans_5tier" name="test_plans_has_features_and_section_title" time="0.134" /><testcase classname="backend.tests.test_plans_5tier" name="test_stripe_checkout_interval_matches_plan[basic-month-1]" time="1.103" /><testcase classname="backend.tests.test_plans_5tier" name="test_stripe_checkout_interval_matches_plan[pro-month-1]" time="0.573" /><testcase classname="backend.tests.test_plans_5tier" name="test_stripe_checkout_interval_matches_plan[diamond-month-3]" time="0.683" /><testcase classname="backend.tests.test_plans_5tier" name="test_stripe_checkout_interval_matches_plan[golden-month-6]" time="0.571" /><testcase classname="backend.tests.test_plans_5tier" name="test_stripe_checkout_interval_matches_plan[business-year-1]" time="0.619" /><testcase classname="backend.tests.test_plans_5tier" name="test_stripe_checkout_invalid_or_removed_plans[enterprise]" time="0.054" /><testcase classname="backend.tests.test_plans_5tier" name="test_stripe_checkout_invalid_or_removed_plans[free]" time="0.049" /><testcase classname="backend.tests.test_plans_5tier" name="test_stripe_checkout_invalid_or_removed_plans[foo]" time="0.051" /><testcase classname="backend.tests.test_plans_5tier" name="test_stripe_checkout_invalid_or_removed_plans[TIER1]" time="0.049" /><testcase classname="backend.tests.test_plans_5tier" name="test_stripe_checkout_invalid_or_removed_plans[]" time="0.053" /><testcase classname="backend.tests.test_plans_5tier" name="test_demo_user_has_pro_plan" time="0.055" /><testcase classname="backend.tests.test_plans_5tier" name="test_admin_has_business_plan" time="0.573" /><testcase classname="backend.tests.test_plans_5tier" name="test_paypal_subscribe_503_for_all_plans[basic]" time="0.051" /><testcase classname="backend.tests.test_plans_5tier" name="test_paypal_subscribe_503_for_all_plans[pro]" time="0.059" /><testcase classname="backend.tests.test_plans_5tier" name="test_paypal_subscribe_503_for_all_plans[diamond]" time="0.055" /><testcase classname="backend.tests.test_plans_5tier" name="test_paypal_subscribe_503_for_all_plans[golden]" time="0.051" /><testcase classname="backend.tests.test_plans_5tier" name="test_paypal_subscribe_503_for_all_plans[business]" time="0.051" /><testcase classname="backend.tests.test_plans_5tier" name="test_paypal_webhook_activates_correct_plan[diamond-4-90]" time="0.176"><failure message="AssertionError: plan=diamond expected ~90 days, got 29&#10;assert (90 - 2) &lt;= 29">E   AssertionError: plan=diamond expected ~90 days, got 29
    assert (90 - 2) &lt;= 29</failure></testcase><testcase classname="backend.tests.test_plans_5tier" name="test_paypal_webhook_activates_correct_plan[business-18-365]" time="0.146"><failure message="AssertionError: plan=business expected ~365 days, got 29&#10;assert (365 - 2) &lt;= 29">E   AssertionError: plan=business expected ~365 days, got 29
    assert (365 - 2) &lt;= 29</failure></testcase><testcase classname="backend.tests.test_plans_5tier" name="test_admin_stats" time="0.062" /><testcase classname="backend.tests.test_plans_5tier" name="test_coupon_redemption_still_works" time="0.550" /><testcase classname="backend.tests.test_xss0r_api" name="test_health" time="0.140" /><testcase classname="backend.tests.test_xss0r_api" name="test_plans_public" time="0.138" /><testcase classname="backend.tests.test_xss0r_api" name="test_register_login_me_logout" time="0.630" /><testcase classname="backend.tests.test_xss0r_api" name="test_login_admin_and_user" time="1.056" /><testcase classname="backend.tests.test_xss0r_api" name="test_login_bad_credentials" time="0.494" /><testcase classname="backend.tests.test_xss0r_api" name="test_refresh" time="0.052" /><testcase classname="backend.tests.test_xss0r_api" name="test_forgot_password" time="0.153" /><testcase classname="backend.tests.test_xss0r_api" name="test_google_session_invalid" time="0.299" /><testcase classname="backend.tests.test_xss0r_api" name="test_license_me" time="0.051" /><testcase classname="backend.tests.test_xss0r_api" name="test_regenerate_api_key" time="0.104" /><testcase classname="backend.tests.test_xss0r_api" name="test_reset_hwid" time="0.052" /><testcase classname="backend.tests.test_xss0r_api" name="test_scans" time="0.049" /><testcase classname="backend.tests.test_xss0r_api" name="test_builds_list" time="0.052" /><testcase classname="backend.tests.test_xss0r_api" name="test_coupon_redeem_and_duplicate" time="0.594" /><testcase classname="backend.tests.test_xss0r_api" name="test_coupon_unknown" time="0.048" /><testcase classname="backend.tests.test_xss0r_api" name="test_admin_stats" time="0.058" /><testcase classname="backend.tests.test_xss0r_api" name="test_admin_users" time="0.110" /><testcase classname="backend.tests.test_xss0r_api" name="test_non_admin_forbidden" time="0.051" /><testcase classname="backend.tests.test_xss0r_api" name="test_admin_coupons_crud" time="0.156" /><testcase classname="backend.tests.test_xss0r_api" name="test_admin_ban_unban" time="0.734" /><testcase classname="backend.tests.test_xss0r_api" name="test_admin_builds_list" time="0.054" /></testsuite></testsuites>