<?xml version="1.0" encoding="utf-8"?><testsuites name="pytest tests"><testsuite name="pytest" errors="0" failures="0" skipped="0" tests="46" time="17.608" timestamp="2026-05-09T06:57:34.961214+00:00" hostname="agent-env-7c47256d-fd0b-438d-b413-f2a18d49f4c0"><testcase classname="backend.tests.test_email_stripe" name="test_register_triggers_emails" time="0.808" /><testcase classname="backend.tests.test_email_stripe" name="test_forgot_password_existing_user" time="0.287" /><testcase classname="backend.tests.test_email_stripe" name="test_forgot_password_unknown_user_still_ok" time="0.272" /><testcase classname="backend.tests.test_email_stripe" name="test_verify_email_invalid_token" time="0.202" /><testcase classname="backend.tests.test_email_stripe" name="test_verify_email_valid_flow" time="1.033" /><testcase classname="backend.tests.test_email_stripe" name="test_resend_verification_authed" time="0.668" /><testcase classname="backend.tests.test_email_stripe" name="test_resend_verification_unauthed" time="0.170" /><testcase classname="backend.tests.test_email_stripe" name="test_stripe_checkout_pro" time="1.682" /><testcase classname="backend.tests.test_email_stripe" name="test_stripe_checkout_enterprise" time="0.577" /><testcase classname="backend.tests.test_email_stripe" name="test_stripe_checkout_invalid_plan" time="0.056" /><testcase classname="backend.tests.test_email_stripe" name="test_stripe_checkout_unauthed" time="0.164" /><testcase classname="backend.tests.test_email_stripe" name="test_stripe_checkout_status_pro" time="0.817" /><testcase classname="backend.tests.test_email_stripe" name="test_stripe_checkout_status_enterprise" time="1.004" /><testcase classname="backend.tests.test_email_stripe" name="test_stripe_checkout_status_unknown_session_returns_404" time="0.054" /><testcase classname="backend.tests.test_email_stripe" name="test_stripe_portal_no_subscription" time="0.054" /><testcase classname="backend.tests.test_email_stripe" name="test_webhook_checkout_session_completed_and_idempotent" time="0.593" /><testcase classname="backend.tests.test_email_stripe" name="test_webhook_invalid_payload" time="0.132" /><testcase classname="backend.tests.test_paypal" name="test_paypal_subscribe_unconfigured_returns_503" time="0.535" /><testcase classname="backend.tests.test_paypal" name="test_paypal_subscribe_invalid_plan_short_circuits_503" time="0.047" /><testcase classname="backend.tests.test_paypal" name="test_paypal_subscribe_unauthed" time="0.138" /><testcase classname="backend.tests.test_paypal" name="test_paypal_subscription_status_unconfigured" time="0.187" /><testcase classname="backend.tests.test_paypal" name="test_paypal_cancel_no_subscription" time="0.048" /><testcase classname="backend.tests.test_paypal" name="test_paypal_webhook_activated_then_cancelled_idempotent" time="0.985" /><testcase classname="backend.tests.test_paypal" name="test_paypal_webhook_invalid_json_returns_400" time="0.148" /><testcase classname="backend.tests.test_paypal" name="test_paypal_webhook_unknown_event_type_returns_200" time="0.162" /><testcase classname="backend.tests.test_xss0r_api" name="test_health" time="0.488" /><testcase classname="backend.tests.test_xss0r_api" name="test_plans_public" time="0.129" /><testcase classname="backend.tests.test_xss0r_api" name="test_register_login_me_logout" time="0.619" /><testcase classname="backend.tests.test_xss0r_api" name="test_login_admin_and_user" time="1.159" /><testcase classname="backend.tests.test_xss0r_api" name="test_login_bad_credentials" time="0.484" /><testcase classname="backend.tests.test_xss0r_api" name="test_refresh" time="0.051" /><testcase classname="backend.tests.test_xss0r_api" name="test_forgot_password" time="0.137" /><testcase classname="backend.tests.test_xss0r_api" name="test_google_session_invalid" time="0.459" /><testcase classname="backend.tests.test_xss0r_api" name="test_license_me" time="0.105" /><testcase classname="backend.tests.test_xss0r_api" name="test_regenerate_api_key" time="0.190" /><testcase classname="backend.tests.test_xss0r_api" name="test_reset_hwid" time="0.098" /><testcase classname="backend.tests.test_xss0r_api" name="test_scans" time="0.106" /><testcase classname="backend.tests.test_xss0r_api" name="test_builds_list" time="0.091" /><testcase classname="backend.tests.test_xss0r_api" name="test_coupon_redeem_and_duplicate" time="0.632" /><testcase classname="backend.tests.test_xss0r_api" name="test_coupon_unknown" time="0.053" /><testcase classname="backend.tests.test_xss0r_api" name="test_admin_stats" time="0.061" /><testcase classname="backend.tests.test_xss0r_api" name="test_admin_users" time="0.096" /><testcase classname="backend.tests.test_xss0r_api" name="test_non_admin_forbidden" time="0.059" /><testcase classname="backend.tests.test_xss0r_api" name="test_admin_coupons_crud" time="0.147" /><testcase classname="backend.tests.test_xss0r_api" name="test_admin_ban_unban" time="0.755" /><testcase classname="backend.tests.test_xss0r_api" name="test_admin_builds_list" time="0.056" /></testsuite></testsuites>