<?xml version="1.0" encoding="utf-8"?><testsuites name="pytest tests"><testsuite name="pytest" errors="0" failures="1" skipped="0" tests="36" time="13.499" timestamp="2026-05-09T06:32:53.594417+00:00" hostname="agent-env-7c47256d-fd0b-438d-b413-f2a18d49f4c0"><testcase classname="backend.tests.test_email_stripe" name="test_register_triggers_emails" time="0.662" /><testcase classname="backend.tests.test_email_stripe" name="test_forgot_password_existing_user" time="0.182" /><testcase classname="backend.tests.test_email_stripe" name="test_forgot_password_unknown_user_still_ok" time="0.191" /><testcase classname="backend.tests.test_email_stripe" name="test_verify_email_invalid_token" time="0.169" /><testcase classname="backend.tests.test_email_stripe" name="test_verify_email_valid_flow" time="1.044" /><testcase classname="backend.tests.test_email_stripe" name="test_resend_verification_authed" time="0.700" /><testcase classname="backend.tests.test_email_stripe" name="test_resend_verification_unauthed" time="0.200" /><testcase classname="backend.tests.test_email_stripe" name="test_stripe_checkout_pro" time="1.161" /><testcase classname="backend.tests.test_email_stripe" name="test_stripe_checkout_enterprise" time="0.564" /><testcase classname="backend.tests.test_email_stripe" name="test_stripe_checkout_invalid_plan" time="0.048" /><testcase classname="backend.tests.test_email_stripe" name="test_stripe_checkout_unauthed" time="0.178" /><testcase classname="backend.tests.test_email_stripe" name="test_stripe_checkout_status" time="0.848"><failure message="AssertionError: {&quot;detail&quot;:&quot;Request req_LTLcJpudf4HsbQ: No such checkout.session: cs_test_a1Sx3rdfji7TcEMTdlrc3IawDJaGpu7b9JjFqvohFVhdKFeoq6BD2690SB&quot;}&#10;assert 500 == 200&#10; +  where 500 = &lt;Response [500]&gt;.status_code">E   AssertionError: {"detail":"Request req_LTLcJpudf4HsbQ: No such checkout.session: cs_test_a1Sx3rdfji7TcEMTdlrc3IawDJaGpu7b9JjFqvohFVhdKFeoq6BD2690SB"}
    assert 500 == 200
     +  where 500 = &lt;Response [500]&gt;.status_code</failure></testcase><testcase classname="backend.tests.test_email_stripe" name="test_stripe_portal_no_subscription" time="0.059" /><testcase classname="backend.tests.test_email_stripe" name="test_webhook_checkout_session_completed_and_idempotent" time="0.667" /><testcase classname="backend.tests.test_email_stripe" name="test_webhook_invalid_payload" time="0.183" /><testcase classname="backend.tests.test_xss0r_api" name="test_health" time="0.166" /><testcase classname="backend.tests.test_xss0r_api" name="test_plans_public" time="0.167" /><testcase classname="backend.tests.test_xss0r_api" name="test_register_login_me_logout" time="0.748" /><testcase classname="backend.tests.test_xss0r_api" name="test_login_admin_and_user" time="1.234" /><testcase classname="backend.tests.test_xss0r_api" name="test_login_bad_credentials" time="0.599" /><testcase classname="backend.tests.test_xss0r_api" name="test_refresh" time="0.062" /><testcase classname="backend.tests.test_xss0r_api" name="test_forgot_password" time="0.213" /><testcase classname="backend.tests.test_xss0r_api" name="test_google_session_invalid" time="0.407" /><testcase classname="backend.tests.test_xss0r_api" name="test_license_me" time="0.061" /><testcase classname="backend.tests.test_xss0r_api" name="test_regenerate_api_key" time="0.118" /><testcase classname="backend.tests.test_xss0r_api" name="test_reset_hwid" time="0.053" /><testcase classname="backend.tests.test_xss0r_api" name="test_scans" time="0.053" /><testcase classname="backend.tests.test_xss0r_api" name="test_builds_list" time="0.055" /><testcase classname="backend.tests.test_xss0r_api" name="test_coupon_redeem_and_duplicate" time="0.667" /><testcase classname="backend.tests.test_xss0r_api" name="test_coupon_unknown" time="0.055" /><testcase classname="backend.tests.test_xss0r_api" name="test_admin_stats" time="0.101" /><testcase classname="backend.tests.test_xss0r_api" name="test_admin_users" time="0.090" /><testcase classname="backend.tests.test_xss0r_api" name="test_non_admin_forbidden" time="0.052" /><testcase classname="backend.tests.test_xss0r_api" name="test_admin_coupons_crud" time="0.168" /><testcase classname="backend.tests.test_xss0r_api" name="test_admin_ban_unban" time="0.794" /><testcase classname="backend.tests.test_xss0r_api" name="test_admin_builds_list" time="0.054" /></testsuite></testsuites>