<?xml version="1.0" encoding="utf-8"?><testsuites name="pytest tests"><testsuite name="pytest" errors="0" failures="0" skipped="0" tests="38" time="12.364" timestamp="2026-05-09T06:36:05.508480+00:00" hostname="agent-env-7c47256d-fd0b-438d-b413-f2a18d49f4c0"><testcase classname="backend.tests.test_email_stripe" name="test_register_triggers_emails" time="0.595" /><testcase classname="backend.tests.test_email_stripe" name="test_forgot_password_existing_user" time="0.170" /><testcase classname="backend.tests.test_email_stripe" name="test_forgot_password_unknown_user_still_ok" time="0.138" /><testcase classname="backend.tests.test_email_stripe" name="test_verify_email_invalid_token" time="0.153" /><testcase classname="backend.tests.test_email_stripe" name="test_verify_email_valid_flow" time="0.790" /><testcase classname="backend.tests.test_email_stripe" name="test_resend_verification_authed" time="0.589" /><testcase classname="backend.tests.test_email_stripe" name="test_resend_verification_unauthed" time="0.143" /><testcase classname="backend.tests.test_email_stripe" name="test_stripe_checkout_pro" time="1.291" /><testcase classname="backend.tests.test_email_stripe" name="test_stripe_checkout_enterprise" time="0.614" /><testcase classname="backend.tests.test_email_stripe" name="test_stripe_checkout_invalid_plan" time="0.053" /><testcase classname="backend.tests.test_email_stripe" name="test_stripe_checkout_unauthed" time="0.124" /><testcase classname="backend.tests.test_email_stripe" name="test_stripe_checkout_status_pro" time="0.797" /><testcase classname="backend.tests.test_email_stripe" name="test_stripe_checkout_status_enterprise" time="0.746" /><testcase classname="backend.tests.test_email_stripe" name="test_stripe_checkout_status_unknown_session_returns_404" time="0.050" /><testcase classname="backend.tests.test_email_stripe" name="test_stripe_portal_no_subscription" time="0.060" /><testcase classname="backend.tests.test_email_stripe" name="test_webhook_checkout_session_completed_and_idempotent" time="0.516" /><testcase classname="backend.tests.test_email_stripe" name="test_webhook_invalid_payload" time="0.128" /><testcase classname="backend.tests.test_xss0r_api" name="test_health" time="0.139" /><testcase classname="backend.tests.test_xss0r_api" name="test_plans_public" time="0.130" /><testcase classname="backend.tests.test_xss0r_api" name="test_register_login_me_logout" time="0.642" /><testcase classname="backend.tests.test_xss0r_api" name="test_login_admin_and_user" time="1.038" /><testcase classname="backend.tests.test_xss0r_api" name="test_login_bad_credentials" time="0.474" /><testcase classname="backend.tests.test_xss0r_api" name="test_refresh" time="0.048" /><testcase classname="backend.tests.test_xss0r_api" name="test_forgot_password" time="0.133" /><testcase classname="backend.tests.test_xss0r_api" name="test_google_session_invalid" time="0.269" /><testcase classname="backend.tests.test_xss0r_api" name="test_license_me" time="0.057" /><testcase classname="backend.tests.test_xss0r_api" name="test_regenerate_api_key" time="0.100" /><testcase classname="backend.tests.test_xss0r_api" name="test_reset_hwid" time="0.048" /><testcase classname="backend.tests.test_xss0r_api" name="test_scans" time="0.050" /><testcase classname="backend.tests.test_xss0r_api" name="test_builds_list" time="0.049" /><testcase classname="backend.tests.test_xss0r_api" name="test_coupon_redeem_and_duplicate" time="0.589" /><testcase classname="backend.tests.test_xss0r_api" name="test_coupon_unknown" time="0.048" /><testcase classname="backend.tests.test_xss0r_api" name="test_admin_stats" time="0.062" /><testcase classname="backend.tests.test_xss0r_api" name="test_admin_users" time="0.095" /><testcase classname="backend.tests.test_xss0r_api" name="test_non_admin_forbidden" time="0.049" /><testcase classname="backend.tests.test_xss0r_api" name="test_admin_coupons_crud" time="0.177" /><testcase classname="backend.tests.test_xss0r_api" name="test_admin_ban_unban" time="0.675" /><testcase classname="backend.tests.test_xss0r_api" name="test_admin_builds_list" time="0.052" /></testsuite></testsuites>