<?xml version="1.0" encoding="utf-8"?><testsuites name="pytest tests"><testsuite name="pytest" errors="0" failures="0" skipped="0" tests="28" time="12.704" timestamp="2026-05-09T08:55:23.013315+00:00" hostname="agent-env-7c47256d-fd0b-438d-b413-f2a18d49f4c0"><testcase classname="backend.tests.test_admin_expansion" name="test_coupon_validate_launch50_pro" time="0.337" /><testcase classname="backend.tests.test_admin_expansion" name="test_coupon_validate_unknown_404" time="0.130" /><testcase classname="backend.tests.test_admin_expansion" name="test_coupon_validate_xss0r10_pro" time="0.140" /><testcase classname="backend.tests.test_admin_expansion" name="test_stripe_checkout_with_auth_and_coupon" time="1.782" /><testcase classname="backend.tests.test_admin_expansion" name="test_stripe_checkout_no_auth_no_email_401" time="0.149" /><testcase classname="backend.tests.test_admin_expansion" name="test_stripe_checkout_guest_creates_user" time="1.111" /><testcase classname="backend.tests.test_admin_expansion" name="test_paypal_checkout_no_auth_no_email_401" time="0.132" /><testcase classname="backend.tests.test_admin_expansion" name="test_paypal_checkout_guest_passes_auth_then_503" time="0.148" /><testcase classname="backend.tests.test_admin_expansion" name="test_admin_delete_user_cascade" time="0.656" /><testcase classname="backend.tests.test_admin_expansion" name="test_admin_delete_admin_forbidden" time="0.107" /><testcase classname="backend.tests.test_admin_expansion" name="test_admin_patch_user_name_email" time="0.667" /><testcase classname="backend.tests.test_admin_expansion" name="test_admin_patch_user_email_collision" time="0.633" /><testcase classname="backend.tests.test_admin_expansion" name="test_admin_patch_user_invalid_role" time="0.585" /><testcase classname="backend.tests.test_admin_expansion" name="test_admin_assign_plan_diamond" time="0.661" /><testcase classname="backend.tests.test_admin_expansion" name="test_admin_set_password_and_login" time="1.434" /><testcase classname="backend.tests.test_admin_expansion" name="test_admin_wipe_license" time="0.687" /><testcase classname="backend.tests.test_admin_expansion" name="test_admin_user_transactions" time="0.127" /><testcase classname="backend.tests.test_admin_expansion" name="test_admin_contact_user" time="0.612" /><testcase classname="backend.tests.test_admin_expansion" name="test_admin_recent_payments" time="0.056" /><testcase classname="backend.tests.test_admin_expansion" name="test_admin_sales_summary_shape" time="0.067" /><testcase classname="backend.tests.test_admin_expansion" name="test_admin_failed_payments" time="0.055" /><testcase classname="backend.tests.test_admin_expansion" name="test_non_admin_403[/api/admin/payments/recent-GET]" time="0.050" /><testcase classname="backend.tests.test_admin_expansion" name="test_non_admin_403[/api/admin/sales/summary-GET]" time="0.048" /><testcase classname="backend.tests.test_admin_expansion" name="test_non_admin_403[/api/admin/payments/failed-GET]" time="0.047" /><testcase classname="backend.tests.test_admin_expansion" name="test_non_admin_403[/api/admin/users/anyid/transactions-GET]" time="0.048" /><testcase classname="backend.tests.test_admin_expansion" name="test_non_admin_403_post_endpoints" time="0.181" /><testcase classname="backend.tests.test_admin_expansion" name="test_stripe_webhook_coupon_increments_used_count" time="1.570" /><testcase classname="backend.tests.test_admin_expansion" name="test_stripe_webhook_invoice_payment_failed_creates_failed_txn" time="0.205" /></testsuite></testsuites>