<?xml version="1.0" encoding="utf-8"?><testsuites name="pytest tests"><testsuite name="pytest" errors="0" failures="2" skipped="0" tests="27" time="47.615" timestamp="2026-05-09T08:10:57.585815+00:00" hostname="agent-env-7c47256d-fd0b-438d-b413-f2a18d49f4c0"><testcase classname="backend.tests.test_plans_5tier" name="test_plans_returns_5_plans_in_order" time="0.498" /><testcase classname="backend.tests.test_plans_5tier" name="test_plans_prices_and_periods" time="0.429" /><testcase classname="backend.tests.test_plans_5tier" name="test_only_diamond_is_popular" time="0.276" /><testcase classname="backend.tests.test_plans_5tier" name="test_savings_and_monthly_equiv_fields" time="0.220" /><testcase classname="backend.tests.test_plans_5tier" name="test_plans_limits_keys" time="0.340" /><testcase classname="backend.tests.test_plans_5tier" name="test_plans_has_features_and_section_title" time="0.280" /><testcase classname="backend.tests.test_plans_5tier" name="test_stripe_checkout_interval_matches_plan[basic-month-1]" time="2.715" /><testcase classname="backend.tests.test_plans_5tier" name="test_stripe_checkout_interval_matches_plan[pro-month-1]" time="0.613" /><testcase classname="backend.tests.test_plans_5tier" name="test_stripe_checkout_interval_matches_plan[diamond-month-3]" time="0.647" /><testcase classname="backend.tests.test_plans_5tier" name="test_stripe_checkout_interval_matches_plan[golden-month-6]" time="20.538" /><testcase classname="backend.tests.test_plans_5tier" name="test_stripe_checkout_interval_matches_plan[business-year-1]" time="16.048" /><testcase classname="backend.tests.test_plans_5tier" name="test_stripe_checkout_invalid_or_removed_plans[enterprise]" time="0.091" /><testcase classname="backend.tests.test_plans_5tier" name="test_stripe_checkout_invalid_or_removed_plans[free]" time="0.056" /><testcase classname="backend.tests.test_plans_5tier" name="test_stripe_checkout_invalid_or_removed_plans[foo]" time="0.078" /><testcase classname="backend.tests.test_plans_5tier" name="test_stripe_checkout_invalid_or_removed_plans[TIER1]" time="0.063" /><testcase classname="backend.tests.test_plans_5tier" name="test_stripe_checkout_invalid_or_removed_plans[]" time="0.055" /><testcase classname="backend.tests.test_plans_5tier" name="test_demo_user_has_pro_plan" time="0.058" /><testcase classname="backend.tests.test_plans_5tier" name="test_admin_has_business_plan" time="1.018" /><testcase classname="backend.tests.test_plans_5tier" name="test_paypal_subscribe_503_for_all_plans[basic]" time="0.059" /><testcase classname="backend.tests.test_plans_5tier" name="test_paypal_subscribe_503_for_all_plans[pro]" time="0.062" /><testcase classname="backend.tests.test_plans_5tier" name="test_paypal_subscribe_503_for_all_plans[diamond]" time="0.181" /><testcase classname="backend.tests.test_plans_5tier" name="test_paypal_subscribe_503_for_all_plans[golden]" time="0.089" /><testcase classname="backend.tests.test_plans_5tier" name="test_paypal_subscribe_503_for_all_plans[business]" time="0.056" /><testcase classname="backend.tests.test_plans_5tier" name="test_paypal_webhook_activates_correct_plan[diamond-4-90]" time="0.476"><failure message="AssertionError: plan=diamond expected ~90 days, got 29&#10;assert (90 - 2) &lt;= 29">backend/tests/test_plans_5tier.py:181: in test_paypal_webhook_activates_correct_plan
    assert exp_duration_days - 2 &lt;= delta_days &lt;= exp_duration_days + 1, \
E   AssertionError: plan=diamond expected ~90 days, got 29
E   assert (90 - 2) &lt;= 29</failure></testcase><testcase classname="backend.tests.test_plans_5tier" name="test_paypal_webhook_activates_correct_plan[business-18-365]" time="0.350"><failure message="AssertionError: plan=business expected ~365 days, got 29&#10;assert (365 - 2) &lt;= 29">backend/tests/test_plans_5tier.py:181: in test_paypal_webhook_activates_correct_plan
    assert exp_duration_days - 2 &lt;= delta_days &lt;= exp_duration_days + 1, \
E   AssertionError: plan=business expected ~365 days, got 29
E   assert (365 - 2) &lt;= 29</failure></testcase><testcase classname="backend.tests.test_plans_5tier" name="test_admin_stats" time="0.100" /><testcase classname="backend.tests.test_plans_5tier" name="test_coupon_redemption_still_works" time="1.187" /></testsuite></testsuites>