<?xml version="1.0" encoding="utf-8"?><testsuites name="pytest tests"><testsuite name="pytest" errors="0" failures="0" skipped="0" tests="21" time="8.805" timestamp="2026-05-09T05:43:50.597430+00:00" hostname="agent-env-7c47256d-fd0b-438d-b413-f2a18d49f4c0"><testcase classname="backend.tests.test_xss0r_api" name="test_health" time="0.435" /><testcase classname="backend.tests.test_xss0r_api" name="test_plans_public" time="0.224" /><testcase classname="backend.tests.test_xss0r_api" name="test_register_login_me_logout" time="1.031" /><testcase classname="backend.tests.test_xss0r_api" name="test_login_admin_and_user" time="1.593" /><testcase classname="backend.tests.test_xss0r_api" name="test_login_bad_credentials" time="0.909" /><testcase classname="backend.tests.test_xss0r_api" name="test_refresh" time="0.065" /><testcase classname="backend.tests.test_xss0r_api" name="test_forgot_password" time="0.266" /><testcase classname="backend.tests.test_xss0r_api" name="test_google_session_invalid" time="0.423" /><testcase classname="backend.tests.test_xss0r_api" name="test_license_me" time="0.069" /><testcase classname="backend.tests.test_xss0r_api" name="test_regenerate_api_key" time="0.136" /><testcase classname="backend.tests.test_xss0r_api" name="test_reset_hwid" time="0.064" /><testcase classname="backend.tests.test_xss0r_api" name="test_scans" time="0.064" /><testcase classname="backend.tests.test_xss0r_api" name="test_builds_list" time="0.062" /><testcase classname="backend.tests.test_xss0r_api" name="test_coupon_redeem_and_duplicate" time="0.951" /><testcase classname="backend.tests.test_xss0r_api" name="test_coupon_unknown" time="0.062" /><testcase classname="backend.tests.test_xss0r_api" name="test_admin_stats" time="0.088" /><testcase classname="backend.tests.test_xss0r_api" name="test_admin_users" time="0.084" /><testcase classname="backend.tests.test_xss0r_api" name="test_non_admin_forbidden" time="0.062" /><testcase classname="backend.tests.test_xss0r_api" name="test_admin_coupons_crud" time="0.183" /><testcase classname="backend.tests.test_xss0r_api" name="test_admin_ban_unban" time="0.943" /><testcase classname="backend.tests.test_xss0r_api" name="test_admin_builds_list" time="0.069" /></testsuite></testsuites>